<?xml version="1.0" encoding="UTF-8"?>
<testsuite name="sudoku.c306.a3.GrilleImplTest" time="0.001" tests="6" errors="0" skipped="0" failures="0">
  <properties>
[...]
</properties>
  <testcase name="testPossible" classname="sudoku.c306.a3.GrilleImplTest" time="0.001"/>
  <testcase name="testSetValue" classname="sudoku.c306.a3.GrilleImplTest" time="0"/>
  <testcase name="testGetValue" classname="sudoku.c306.a3.GrilleImplTest" time="0"/>
  <testcase name="testComplete" classname="sudoku.c306.a3.GrilleImplTest" time="0"/>
  <testcase name="testGetDimension" classname="sudoku.c306.a3.GrilleImplTest" time="0"/>
  <testcase name="testGrilleImplInt" classname="sudoku.c306.a3.GrilleImplTest" time="0"/>
</testsuite>